<?xml version="1.0" encoding="UTF-8"?>
<!-- Generated by org.testng.reporters.JUnitReportReporter -->
<testsuite hostname="DESKTOP-TIC5DM4" failures="0" tests="2" name="com.allianz.test.LoginTest" time="50.575" errors="0" timestamp="2024-04-26T12:00:55 IST" skipped="0">
  <testcase classname="com.allianz.test.LoginTest" name="invalidLoginTest" time="29.283"/>
  <testcase classname="com.allianz.test.LoginTest" name="invalidLoginTest" time="21.292"/>
</testsuite> <!-- com.allianz.test.LoginTest -->
