<?xml version="1.0" encoding="UTF-8"?>
<!-- Generated by org.testng.reporters.JUnitReportReporter -->
<testsuite hostname="DESKTOP-TIC5DM4" failures="0" tests="3" name="com.allianz.test.ZDemo1Test" time="14.517" errors="0" timestamp="2024-04-22T11:52:09 IST" skipped="0">
  <testcase classname="com.allianz.test.ZDemo1Test" name="validTest" time="7.958"/>
  <testcase classname="com.allianz.test.ZDemo1Test" name="validTest" time="1.064"/>
  <testcase classname="com.allianz.test.ZDemo1Test" name="validTest" time="5.495"/>
</testsuite> <!-- com.allianz.test.ZDemo1Test -->
