<?xml version="1.0" encoding="UTF-8"?>
<!-- Generated by org.testng.reporters.JUnitReportReporter -->
<testsuite hostname="DESKTOP-TIC5DM4" failures="0" tests="2" name="com.allianz.test.LoginUITest" time="21.071" errors="0" timestamp="2024-04-29T12:35:16 IST" skipped="0">
  <testcase classname="com.allianz.test.LoginUITest" name="titleTest" time="10.211"/>
  <testcase classname="com.allianz.test.LoginUITest" name="appDescriptionTest" time="10.860"/>
</testsuite> <!-- com.allianz.test.LoginUITest -->
