<?xml version="1.0" encoding="UTF-8"?>
<!-- Generated by org.testng.reporters.JUnitReportReporter -->
<testsuite hostname="DESKTOP-TIC5DM4" failures="0" tests="2" name="com.allianz.test.LoginTest" time="31.591" errors="0" timestamp="2024-04-29T12:41:31 IST" skipped="0">
  <testcase classname="com.allianz.test.LoginTest" name="validLoginTest" time="14.975"/>
  <testcase classname="com.allianz.test.LoginTest" name="validLoginTest" time="16.616"/>
</testsuite> <!-- com.allianz.test.LoginTest -->
